2020-02-27 16:33:05,780 INFO [base.py(__init__:12)] - 正在初始化driver对象, driver: <appium.webdriver.webdriver.WebDriver (session="c4adc84f-d303-4b94-87ea-883075e10f19")>
2020-02-27 16:33:05,781 INFO [base.py(base_click:30)] - 正在准备点击：('id', 'com.bjcsxq.chat.carfriend:id/bt_no') 元素
2020-02-27 16:33:05,781 INFO [base.py(base_find:23)] - 正在查找：<RootLogger root (INFO)> 元素，等待时间：30 访问频率:0.5
2020-02-27 16:33:06,281 INFO [base.py(base_click:32)] - ('id', 'com.bjcsxq.chat.carfriend:id/bt_no'):元素点击完成
2020-02-27 16:33:06,281 INFO [base.py(base_click:30)] - 正在准备点击：('id', 'com.bjcsxq.chat.carfriend:id/mine_image') 元素
2020-02-27 16:33:06,281 INFO [base.py(base_find:23)] - 正在查找：<RootLogger root (INFO)> 元素，等待时间：30 访问频率:0.5
2020-02-27 16:33:07,341 INFO [base.py(base_click:32)] - ('id', 'com.bjcsxq.chat.carfriend:id/mine_image'):元素点击完成
2020-02-27 16:33:07,341 INFO [base.py(base_click:30)] - 正在准备点击：('id', 'com.bjcsxq.chat.carfriend:id/mine_username_tv') 元素
2020-02-27 16:33:07,341 INFO [base.py(base_find:23)] - 正在查找：<RootLogger root (INFO)> 元素，等待时间：30 访问频率:0.5
2020-02-27 16:33:08,088 INFO [base.py(base_click:32)] - ('id', 'com.bjcsxq.chat.carfriend:id/mine_username_tv'):元素点击完成
2020-02-27 16:33:08,088 INFO [page_login.py(page_login:39)] - 正在调用登录业务方法，手机号：123 密码：
2020-02-27 16:33:08,089 INFO [base.py(base_find:23)] - 正在查找：<RootLogger root (INFO)> 元素，等待时间：30 访问频率:0.5
2020-02-27 16:33:09,693 INFO [base.py(base_input:39)] - 正在对：('id', 'com.bjcsxq.chat.carfriend:id/login_phone_et')元素执行清空操作
2020-02-27 16:33:09,779 INFO [base.py(base_input:41)] - ('id', 'com.bjcsxq.chat.carfriend:id/login_phone_et')元素执行清空操作完成
2020-02-27 16:33:09,779 INFO [base.py(base_input:43)] - 正对：('id', 'com.bjcsxq.chat.carfriend:id/login_phone_et')元素输入:123操作！
2020-02-27 16:33:11,078 INFO [base.py(base_input:45)] - ('id', 'com.bjcsxq.chat.carfriend:id/login_phone_et')元素输入:123操作完成！
2020-02-27 16:33:11,079 INFO [base.py(base_find:23)] - 正在查找：<RootLogger root (INFO)> 元素，等待时间：30 访问频率:0.5
2020-02-27 16:33:11,579 INFO [base.py(base_input:39)] - 正在对：('id', 'com.bjcsxq.chat.carfriend:id/login_pwd_et')元素执行清空操作
2020-02-27 16:33:11,589 INFO [base.py(base_input:41)] - ('id', 'com.bjcsxq.chat.carfriend:id/login_pwd_et')元素执行清空操作完成
2020-02-27 16:33:11,589 INFO [base.py(base_input:43)] - 正对：('id', 'com.bjcsxq.chat.carfriend:id/login_pwd_et')元素输入:操作！
2020-02-27 16:33:12,091 INFO [base.py(base_input:45)] - ('id', 'com.bjcsxq.chat.carfriend:id/login_pwd_et')元素输入:操作完成！
2020-02-27 16:33:12,092 INFO [base.py(base_click:30)] - 正在准备点击：('id', 'com.bjcsxq.chat.carfriend:id/login_btn') 元素
2020-02-27 16:33:12,092 INFO [base.py(base_find:23)] - 正在查找：<RootLogger root (INFO)> 元素，等待时间：30 访问频率:0.5
2020-02-27 16:33:12,640 INFO [base.py(base_click:32)] - ('id', 'com.bjcsxq.chat.carfriend:id/login_btn'):元素点击完成
2020-02-27 16:33:12,641 INFO [base.py(base_find:23)] - 正在查找：<RootLogger root (INFO)> 元素，等待时间：30 访问频率:0.5
2020-02-27 16:33:12,729 INFO [base.py(base_get_att:51)] - 正在获取('id', 'com.bjcsxq.chat.carfriend:id/login_btn')元素的:clickable属性值，获取的结果为：false
2020-02-27 16:33:12,739 INFO [page_login.py(page_login:39)] - 正在调用登录业务方法，手机号： 密码：123
2020-02-27 16:33:12,739 INFO [base.py(base_find:23)] - 正在查找：<RootLogger root (INFO)> 元素，等待时间：30 访问频率:0.5
2020-02-27 16:33:12,779 INFO [base.py(base_input:39)] - 正在对：('id', 'com.bjcsxq.chat.carfriend:id/login_phone_et')元素执行清空操作
2020-02-27 16:33:12,788 INFO [base.py(base_input:41)] - ('id', 'com.bjcsxq.chat.carfriend:id/login_phone_et')元素执行清空操作完成
2020-02-27 16:33:12,788 INFO [base.py(base_input:43)] - 正对：('id', 'com.bjcsxq.chat.carfriend:id/login_phone_et')元素输入:操作！
2020-02-27 16:33:13,828 INFO [base.py(base_input:45)] - ('id', 'com.bjcsxq.chat.carfriend:id/login_phone_et')元素输入:操作完成！
2020-02-27 16:33:13,829 INFO [base.py(base_find:23)] - 正在查找：<RootLogger root (INFO)> 元素，等待时间：30 访问频率:0.5
2020-02-27 16:33:14,329 INFO [base.py(base_input:39)] - 正在对：('id', 'com.bjcsxq.chat.carfriend:id/login_pwd_et')元素执行清空操作
2020-02-27 16:33:14,338 INFO [base.py(base_input:41)] - ('id', 'com.bjcsxq.chat.carfriend:id/login_pwd_et')元素执行清空操作完成
2020-02-27 16:33:14,338 INFO [base.py(base_input:43)] - 正对：('id', 'com.bjcsxq.chat.carfriend:id/login_pwd_et')元素输入:123操作！
2020-02-27 16:33:14,841 INFO [base.py(base_input:45)] - ('id', 'com.bjcsxq.chat.carfriend:id/login_pwd_et')元素输入:123操作完成！
2020-02-27 16:33:14,841 INFO [base.py(base_click:30)] - 正在准备点击：('id', 'com.bjcsxq.chat.carfriend:id/login_btn') 元素
2020-02-27 16:33:14,841 INFO [base.py(base_find:23)] - 正在查找：<RootLogger root (INFO)> 元素，等待时间：30 访问频率:0.5
2020-02-27 16:33:15,387 INFO [base.py(base_click:32)] - ('id', 'com.bjcsxq.chat.carfriend:id/login_btn'):元素点击完成
2020-02-27 16:33:15,387 INFO [base.py(base_find:23)] - 正在查找：<RootLogger root (INFO)> 元素，等待时间：30 访问频率:0.5
2020-02-27 16:33:15,436 INFO [base.py(base_get_att:51)] - 正在获取('id', 'com.bjcsxq.chat.carfriend:id/login_btn')元素的:clickable属性值，获取的结果为：false
